<?xml version="1.0" encoding="UTF-8"?>
<!-- Generated by org.testng.reporters.JUnitReportReporter -->
<testsuite hostname="RAHUL-LAPTOP" failures="0" tests="2" name="vbDumplingTestRunners.vbdRunner" time="52.029" errors="0" timestamp="11 May 2021 14:14:26 GMT">
  <testcase classname="vbDumplingTestRunners.vbdRunner" name="testMethod" time="21.535"/>
  <testcase classname="vbDumplingTestRunners.vbdRunner" name="testMethod" time="30.494"/>
</testsuite> <!-- vbDumplingTestRunners.vbdRunner -->
