<?xml version="1.0" encoding="UTF-8"?>
<!-- Generated by org.testng.reporters.JUnitReportReporter -->
<testsuite hostname="RAHUL-LAPTOP" failures="0" tests="12" name="vbDumplingTestRunners.testTestimonialsPage" time="34.920" errors="0" timestamp="20 May 2021 09:24:02 GMT">
  <testcase classname="vbDumplingTestRunners.testTestimonialsPage" name="checkNewCommentErrorAllEmpty" time="1.303"/>
  <testcase classname="vbDumplingTestRunners.testTestimonialsPage" name="checkLHSHeaderText" time="0.111"/>
  <testcase classname="vbDumplingTestRunners.testTestimonialsPage" name="checkNewCommentSuccessSubscribePostsSelected" time="7.912"/>
  <testcase classname="vbDumplingTestRunners.testTestimonialsPage" name="checkCommentsTitle" time="0.123"/>
  <testcase classname="vbDumplingTestRunners.testTestimonialsPage" name="checkNewCommentFacebookLink" time="0.001"/>
  <testcase classname="vbDumplingTestRunners.testTestimonialsPage" name="checkNewCommentSuccessNoNotificationsSelected" time="8.105"/>
  <testcase classname="vbDumplingTestRunners.testTestimonialsPage" name="checkNewCommentWordpressLink" time="0.000"/>
  <testcase classname="vbDumplingTestRunners.testTestimonialsPage" name="checkNewCommentErrorEmailEmpty" time="1.009"/>
  <testcase classname="vbDumplingTestRunners.testTestimonialsPage" name="checkNewCommentSuccessSubscribeCommentsSelected" time="8.918"/>
  <testcase classname="vbDumplingTestRunners.testTestimonialsPage" name="checkNewCommentTwitterLink" time="0.000"/>
  <testcase classname="vbDumplingTestRunners.testTestimonialsPage" name="checkNewCommentErrorAuthorEmpty" time="1.325"/>
  <testcase classname="vbDumplingTestRunners.testTestimonialsPage" name="checkNewCommentErrorDuplicateComment" time="6.113"/>
</testsuite> <!-- vbDumplingTestRunners.testTestimonialsPage -->
