<?xml version="1.0" encoding="UTF-8"?>
<!-- Generated by org.testng.reporters.JUnitReportReporter -->
<testsuite hostname="RAHUL-LAPTOP" failures="0" tests="3" name="vbDumplingTestRunners.testMenuPage" time="0.104" errors="0" timestamp="12 May 2021 09:22:40 GMT">
  <testcase classname="vbDumplingTestRunners.testMenuPage" name="checkMenuCategoryOneText" time="0.023"/>
  <testcase classname="vbDumplingTestRunners.testMenuPage" name="checkMenuCategoryTwoText" time="0.043"/>
  <testcase classname="vbDumplingTestRunners.testMenuPage" name="checkLHSHeaderText" time="0.038"/>
</testsuite> <!-- vbDumplingTestRunners.testMenuPage -->
