<?xml version="1.0" encoding="UTF-8"?>
<!-- Generated by org.testng.reporters.JUnitReportReporter -->
<testsuite hostname="RAHUL-LAPTOP" failures="0" tests="12" name="vbDumplingTestRunners.testTestimonialsPage" time="70.316" errors="0" timestamp="20 May 2021 14:00:53 GMT">
  <testcase classname="vbDumplingTestRunners.testTestimonialsPage" name="checkNewCommentFacebookLink" time="0.000"/>
  <testcase classname="vbDumplingTestRunners.testTestimonialsPage" name="checkLHSHeaderText" time="0.058"/>
  <testcase classname="vbDumplingTestRunners.testTestimonialsPage" name="checkNewCommentTwitterLink" time="0.000"/>
  <testcase classname="vbDumplingTestRunners.testTestimonialsPage" name="checkNewCommentSuccessSubscribeCommentsSelected" time="37.337"/>
  <testcase classname="vbDumplingTestRunners.testTestimonialsPage" name="checkNewCommentWordpressLink" time="0.000"/>
  <testcase classname="vbDumplingTestRunners.testTestimonialsPage" name="checkNewCommentErrorEmailEmpty" time="0.822"/>
  <testcase classname="vbDumplingTestRunners.testTestimonialsPage" name="checkNewCommentErrorAllEmpty" time="1.076"/>
  <testcase classname="vbDumplingTestRunners.testTestimonialsPage" name="checkNewCommentErrorDuplicateComment" time="5.986"/>
  <testcase classname="vbDumplingTestRunners.testTestimonialsPage" name="checkCommentsTitle" time="0.079"/>
  <testcase classname="vbDumplingTestRunners.testTestimonialsPage" name="checkNewCommentErrorAuthorEmpty" time="1.323"/>
  <testcase classname="vbDumplingTestRunners.testTestimonialsPage" name="checkNewCommentSuccessSubscribePostsSelected" time="12.417"/>
  <testcase classname="vbDumplingTestRunners.testTestimonialsPage" name="checkNewCommentSuccessNoNotificationsSelected" time="11.218"/>
</testsuite> <!-- vbDumplingTestRunners.testTestimonialsPage -->
