<?xml version="1.0" encoding="UTF-8"?>
<!-- Generated by org.testng.reporters.JUnitReportReporter -->
<testsuite hostname="RAHUL-LAPTOP" failures="0" tests="6" name="vbDumplingTestRunners.testHomePage" time="6.170" errors="0" timestamp="11 May 2021 16:32:49 GMT">
  <testcase classname="vbDumplingTestRunners.testHomePage" name="checkMenuFAQLink" time="1.537"/>
  <testcase classname="vbDumplingTestRunners.testHomePage" name="checkHomePageLink" time="1.237"/>
  <testcase classname="vbDumplingTestRunners.testHomePage" name="checkDescriptionText" time="0.019"/>
  <testcase classname="vbDumplingTestRunners.testHomePage" name="checkTitleText" time="0.047"/>
  <testcase classname="vbDumplingTestRunners.testHomePage" name="checkMenuMenuLink" time="1.892"/>
  <testcase classname="vbDumplingTestRunners.testHomePage" name="checkMenuHomeLink" time="1.438"/>
</testsuite> <!-- vbDumplingTestRunners.testHomePage -->
