<?xml version="1.0" encoding="UTF-8"?>
<!-- Generated by org.testng.reporters.JUnitReportReporter -->
<testsuite hostname="RAHUL-LAPTOP" failures="0" tests="5" name="vbDumplingTestRunners.testMenuPage" time="0.848" errors="0" timestamp="21 May 2021 15:08:48 GMT">
  <testcase classname="vbDumplingTestRunners.testMenuPage" name="checkMenuItemNames" time="0.326"/>
  <testcase classname="vbDumplingTestRunners.testMenuPage" name="checkMenuCategoryTwoText" time="0.059"/>
  <testcase classname="vbDumplingTestRunners.testMenuPage" name="checkMenuCategoryOneText" time="0.063"/>
  <testcase classname="vbDumplingTestRunners.testMenuPage" name="checkMenuItemPrices" time="0.338"/>
  <testcase classname="vbDumplingTestRunners.testMenuPage" name="checkLHSHeaderText" time="0.062"/>
</testsuite> <!-- vbDumplingTestRunners.testMenuPage -->
