<?xml version="1.0" encoding="UTF-8"?>
<!-- Generated by org.testng.reporters.JUnitReportReporter -->
<testsuite hostname="RAHUL-LAPTOP" failures="0" tests="2" name="VBDumplings.SampleTestNG" time="44.367" errors="0" timestamp="17 Apr 2021 07:03:48 GMT">
  <testcase classname="VBDumplings.SampleTestNG" name="testMethod" time="14.394"/>
  <testcase classname="VBDumplings.SampleTestNG" name="testMethod" time="29.973"/>
</testsuite> <!-- VBDumplings.SampleTestNG -->
