<?xml version="1.0" encoding="UTF-8"?>
<!-- Generated by org.testng.reporters.JUnitReportReporter -->
<testsuite hostname="RAHUL-LAPTOP" failures="0" tests="13" name="vbDumplingTestRunners.testTestimonialsPage" time="47.507" errors="0" timestamp="21 May 2021 15:08:48 GMT">
  <testcase classname="vbDumplingTestRunners.testTestimonialsPage" name="checkTwitterLink" time="7.611"/>
  <testcase classname="vbDumplingTestRunners.testTestimonialsPage" name="checkNewCommentSuccessNoNotificationsSelected" time="5.701"/>
  <testcase classname="vbDumplingTestRunners.testTestimonialsPage" name="checkExternalConnectionCancelLink" time="0.996"/>
  <testcase classname="vbDumplingTestRunners.testTestimonialsPage" name="checkNewCommentErrorAuthorEmpty" time="0.771"/>
  <testcase classname="vbDumplingTestRunners.testTestimonialsPage" name="checkWordpressLink" time="2.423"/>
  <testcase classname="vbDumplingTestRunners.testTestimonialsPage" name="checkNewCommentSuccessSubscribeCommentsSelected" time="6.001"/>
  <testcase classname="vbDumplingTestRunners.testTestimonialsPage" name="checkCommentsTitle" time="0.093"/>
  <testcase classname="vbDumplingTestRunners.testTestimonialsPage" name="checkNewCommentErrorAllEmpty" time="1.102"/>
  <testcase classname="vbDumplingTestRunners.testTestimonialsPage" name="checkLHSHeaderText" time="0.062"/>
  <testcase classname="vbDumplingTestRunners.testTestimonialsPage" name="checkNewCommentErrorEmailEmpty" time="0.792"/>
  <testcase classname="vbDumplingTestRunners.testTestimonialsPage" name="checkFacebookLink" time="12.525"/>
  <testcase classname="vbDumplingTestRunners.testTestimonialsPage" name="checkNewCommentSuccessSubscribePostsSelected" time="6.346"/>
  <testcase classname="vbDumplingTestRunners.testTestimonialsPage" name="checkNewCommentErrorDuplicateComment" time="3.084"/>
</testsuite> <!-- vbDumplingTestRunners.testTestimonialsPage -->
