<?xml version="1.0" encoding="UTF-8"?>
<!-- Generated by org.testng.reporters.JUnitReportReporter -->
<testsuite hostname="RAHUL-LAPTOP" failures="0" tests="10" name="vbDumplingTestRunners.testMenuPage" time="0.747" errors="0" timestamp="14 May 2021 05:18:41 GMT">
  <testcase classname="vbDumplingTestRunners.testMenuPage" name="checkMenuCategoryTwoText" time="0.031"/>
  <testcase classname="vbDumplingTestRunners.testMenuPage" name="checkLHSHeaderText" time="0.044"/>
  <testcase classname="vbDumplingTestRunners.testMenuPage" name="checkMenuCategoryOneText" time="0.022"/>
  <testcase classname="vbDumplingTestRunners.testMenuPage" name="checkMenuItemPrices" time="0.239"/>
  <testcase classname="vbDumplingTestRunners.testMenuPage" name="checkMenuItemNames" time="0.171"/>
  <testcase classname="vbDumplingTestRunners.testMenuPage" name="checkMenuItemNames" time="0.074"/>
  <testcase classname="vbDumplingTestRunners.testMenuPage" name="checkMenuItemPrices" time="0.095"/>
  <testcase classname="vbDumplingTestRunners.testMenuPage" name="checkMenuCategoryTwoText" time="0.015"/>
  <testcase classname="vbDumplingTestRunners.testMenuPage" name="checkMenuCategoryOneText" time="0.017"/>
  <testcase classname="vbDumplingTestRunners.testMenuPage" name="checkLHSHeaderText" time="0.039"/>
</testsuite> <!-- vbDumplingTestRunners.testMenuPage -->
