<?xml version="1.0" encoding="UTF-8"?>
<!-- Generated by org.testng.reporters.JUnitReportReporter -->
<testsuite hostname="RAHUL-LAPTOP" failures="0" tests="11" name="vbDumplingTestRunners.testHomePage" time="19.454" errors="0" timestamp="12 May 2021 09:22:40 GMT">
  <testcase classname="vbDumplingTestRunners.testHomePage" name="checkDescriptionText" time="0.025"/>
  <testcase classname="vbDumplingTestRunners.testHomePage" name="checkTitleText" time="0.115"/>
  <testcase classname="vbDumplingTestRunners.testHomePage" name="checkMenuHomeLink" time="1.612"/>
  <testcase classname="vbDumplingTestRunners.testHomePage" name="checkMenuMenuLink" time="1.611"/>
  <testcase classname="vbDumplingTestRunners.testHomePage" name="checkMenuOrderLink" time="5.405"/>
  <testcase classname="vbDumplingTestRunners.testHomePage" name="checkHomePageLink" time="1.321"/>
  <testcase classname="vbDumplingTestRunners.testHomePage" name="checkMenuFAQLink" time="1.523"/>
  <testcase classname="vbDumplingTestRunners.testHomePage" name="checkMenuAboutLink" time="2.259"/>
  <testcase classname="vbDumplingTestRunners.testHomePage" name="checkMenuTestimonialsLink" time="1.619"/>
  <testcase classname="vbDumplingTestRunners.testHomePage" name="checkLHSHeaderText" time="2.573"/>
  <testcase classname="vbDumplingTestRunners.testHomePage" name="checkBodyOrderNowLink" time="1.391"/>
</testsuite> <!-- vbDumplingTestRunners.testHomePage -->
