<?xml version="1.0" encoding="UTF-8"?>
<!-- Generated by org.testng.reporters.JUnitReportReporter -->
<testsuite hostname="RAHUL-LAPTOP" failures="0" tests="5" name="vbDumplingTestRunners.testMenuPage" time="0.942" errors="0" timestamp="20 May 2021 14:00:53 GMT">
  <testcase classname="vbDumplingTestRunners.testMenuPage" name="checkMenuItemPrices" time="0.356"/>
  <testcase classname="vbDumplingTestRunners.testMenuPage" name="checkMenuCategoryOneText" time="0.071"/>
  <testcase classname="vbDumplingTestRunners.testMenuPage" name="checkMenuCategoryTwoText" time="0.088"/>
  <testcase classname="vbDumplingTestRunners.testMenuPage" name="checkMenuItemNames" time="0.340"/>
  <testcase classname="vbDumplingTestRunners.testMenuPage" name="checkLHSHeaderText" time="0.087"/>
</testsuite> <!-- vbDumplingTestRunners.testMenuPage -->
