<?xml version="1.0" encoding="UTF-8"?>
<!-- Generated by org.testng.reporters.JUnitReportReporter -->
<testsuite hostname="RAHUL-LAPTOP" failures="0" tests="18" name="vbDumplingTestRunners.testFaqPage" time="32.822" errors="0" timestamp="18 May 2021 12:33:09 GMT">
  <testcase classname="vbDumplingTestRunners.testFaqPage" name="checkFaqPageContentHeaderText" time="0.066"/>
  <testcase classname="vbDumplingTestRunners.testFaqPage" name="checkOrderFormLink" time="3.815"/>
  <testcase classname="vbDumplingTestRunners.testFaqPage" name="clickAllFaqPageQuestionsExpand" time="1.957"/>
  <testcase classname="vbDumplingTestRunners.testFaqPage" name="checkFaqPageLHSHeaderText" time="0.065"/>
  <testcase classname="vbDumplingTestRunners.testFaqPage" name="checkFaqPageContentHeaderText" time="0.091"/>
  <testcase classname="vbDumplingTestRunners.testFaqPage" name="clickAllFaqPageQuestionsExpand" time="1.412"/>
  <testcase classname="vbDumplingTestRunners.testFaqPage" name="checkOrderFormLink" time="5.843"/>
  <testcase classname="vbDumplingTestRunners.testFaqPage" name="checkFaqPageLHSHeaderText" time="0.086"/>
  <testcase classname="vbDumplingTestRunners.testFaqPage" name="checkFaqPageQuestions" time="1.109"/>
  <testcase classname="vbDumplingTestRunners.testFaqPage" name="checkFaqPageLHSHeaderText" time="0.190"/>
  <testcase classname="vbDumplingTestRunners.testFaqPage" name="clickAllFaqPageQuestionsCollapse" time="3.841"/>
  <testcase classname="vbDumplingTestRunners.testFaqPage" name="clickAllFaqPageQuestionsCollapse" time="3.476"/>
  <testcase classname="vbDumplingTestRunners.testFaqPage" name="checkOrderFormLink" time="4.684"/>
  <testcase classname="vbDumplingTestRunners.testFaqPage" name="checkFaqPageQuestions" time="0.398"/>
  <testcase classname="vbDumplingTestRunners.testFaqPage" name="checkFaqPageQuestions" time="0.484"/>
  <testcase classname="vbDumplingTestRunners.testFaqPage" name="clickAllFaqPageQuestionsCollapse" time="1.868"/>
  <testcase classname="vbDumplingTestRunners.testFaqPage" name="clickAllFaqPageQuestionsExpand" time="3.374"/>
  <testcase classname="vbDumplingTestRunners.testFaqPage" name="checkFaqPageContentHeaderText" time="0.063"/>
</testsuite> <!-- vbDumplingTestRunners.testFaqPage -->
