<?xml version="1.0" encoding="UTF-8"?>
<!-- Generated by org.testng.reporters.JUnitReportReporter -->
<testsuite hostname="RAHUL-LAPTOP" failures="0" tests="12" name="vbDumplingTestRunners.testFaqPage" time="14.886" errors="0" timestamp="14 May 2021 09:18:33 GMT">
  <testcase classname="vbDumplingTestRunners.testFaqPage" name="checkFaqPageContentHeaderText" time="0.041"/>
  <testcase classname="vbDumplingTestRunners.testFaqPage" name="clickAllFaqPageQuestionsExpand" time="1.384"/>
  <testcase classname="vbDumplingTestRunners.testFaqPage" name="checkFaqPageQuestions" time="0.089"/>
  <testcase classname="vbDumplingTestRunners.testFaqPage" name="checkFaqPageLHSHeaderText" time="0.037"/>
  <testcase classname="vbDumplingTestRunners.testFaqPage" name="checkOrderFormLink" time="2.607"/>
  <testcase classname="vbDumplingTestRunners.testFaqPage" name="clickAllFaqPageQuestionsCollapse" time="1.402"/>
  <testcase classname="vbDumplingTestRunners.testFaqPage" name="clickAllFaqPageQuestionsExpand" time="2.889"/>
  <testcase classname="vbDumplingTestRunners.testFaqPage" name="checkFaqPageQuestions" time="0.174"/>
  <testcase classname="vbDumplingTestRunners.testFaqPage" name="checkOrderFormLink" time="2.960"/>
  <testcase classname="vbDumplingTestRunners.testFaqPage" name="checkFaqPageContentHeaderText" time="0.019"/>
  <testcase classname="vbDumplingTestRunners.testFaqPage" name="clickAllFaqPageQuestionsCollapse" time="3.251"/>
  <testcase classname="vbDumplingTestRunners.testFaqPage" name="checkFaqPageLHSHeaderText" time="0.033"/>
</testsuite> <!-- vbDumplingTestRunners.testFaqPage -->
