<?xml version="1.0" encoding="UTF-8"?>
<!-- Generated by org.testng.reporters.JUnitReportReporter -->
<testsuite hostname="RAHUL-LAPTOP" failures="0" tests="1" name="vbDumplingTestRunners.testHomePage" time="5.562" errors="0" timestamp="12 May 2021 06:43:06 GMT">
  <testcase classname="vbDumplingTestRunners.testHomePage" name="checkMenuOrderLink" time="5.562"/>
</testsuite> <!-- vbDumplingTestRunners.testHomePage -->
