<?xml version="1.0" encoding="UTF-8"?>
<!-- Generated by org.testng.reporters.JUnitReportReporter -->
<testsuite hostname="RAHUL-LAPTOP" failures="0" tests="6" name="vbDumplingTestRunners.testFaqPage" time="11.097" errors="0" timestamp="21 May 2021 15:08:48 GMT">
  <testcase classname="vbDumplingTestRunners.testFaqPage" name="clickAllFaqPageQuestionsCollapse" time="3.861"/>
  <testcase classname="vbDumplingTestRunners.testFaqPage" name="checkOrderFormLink" time="3.359"/>
  <testcase classname="vbDumplingTestRunners.testFaqPage" name="clickAllFaqPageQuestionsExpand" time="3.390"/>
  <testcase classname="vbDumplingTestRunners.testFaqPage" name="checkFaqPageContentHeaderText" time="0.071"/>
  <testcase classname="vbDumplingTestRunners.testFaqPage" name="checkFaqPageQuestions" time="0.347"/>
  <testcase classname="vbDumplingTestRunners.testFaqPage" name="checkFaqPageLHSHeaderText" time="0.069"/>
</testsuite> <!-- vbDumplingTestRunners.testFaqPage -->
