<?xml version="1.0" encoding="UTF-8"?>
<!-- Generated by org.testng.reporters.JUnitReportReporter -->
<testsuite hostname="RAHUL-LAPTOP" failures="0" tests="6" name="vbDumplingTestRunners.testFaqPage" time="7.452" errors="0" timestamp="20 May 2021 14:00:53 GMT">
  <testcase classname="vbDumplingTestRunners.testFaqPage" name="checkFaqPageQuestions" time="0.352"/>
  <testcase classname="vbDumplingTestRunners.testFaqPage" name="checkFaqPageContentHeaderText" time="0.076"/>
  <testcase classname="vbDumplingTestRunners.testFaqPage" name="clickAllFaqPageQuestionsCollapse" time="1.947"/>
  <testcase classname="vbDumplingTestRunners.testFaqPage" name="checkFaqPageLHSHeaderText" time="0.072"/>
  <testcase classname="vbDumplingTestRunners.testFaqPage" name="clickAllFaqPageQuestionsExpand" time="1.519"/>
  <testcase classname="vbDumplingTestRunners.testFaqPage" name="checkOrderFormLink" time="3.486"/>
</testsuite> <!-- vbDumplingTestRunners.testFaqPage -->
