<?xml version="1.0" encoding="UTF-8"?>
<!-- Generated by org.testng.reporters.JUnitReportReporter -->
<testsuite hostname="RAHUL-LAPTOP" failures="0" tests="12" name="vbDumplingTestRunners.testFaqPage" time="20.319" errors="0" timestamp="18 May 2021 10:49:29 GMT">
  <testcase classname="vbDumplingTestRunners.testFaqPage" name="checkOrderFormLink" time="2.968"/>
  <testcase classname="vbDumplingTestRunners.testFaqPage" name="clickAllFaqPageQuestionsExpand" time="3.358"/>
  <testcase classname="vbDumplingTestRunners.testFaqPage" name="clickAllFaqPageQuestionsCollapse" time="3.925"/>
  <testcase classname="vbDumplingTestRunners.testFaqPage" name="checkOrderFormLink" time="5.152"/>
  <testcase classname="vbDumplingTestRunners.testFaqPage" name="checkFaqPageLHSHeaderText" time="0.086"/>
  <testcase classname="vbDumplingTestRunners.testFaqPage" name="checkFaqPageQuestions" time="0.475"/>
  <testcase classname="vbDumplingTestRunners.testFaqPage" name="clickAllFaqPageQuestionsCollapse" time="1.977"/>
  <testcase classname="vbDumplingTestRunners.testFaqPage" name="checkFaqPageLHSHeaderText" time="0.094"/>
  <testcase classname="vbDumplingTestRunners.testFaqPage" name="checkFaqPageContentHeaderText" time="0.073"/>
  <testcase classname="vbDumplingTestRunners.testFaqPage" name="checkFaqPageContentHeaderText" time="0.068"/>
  <testcase classname="vbDumplingTestRunners.testFaqPage" name="checkFaqPageQuestions" time="0.371"/>
  <testcase classname="vbDumplingTestRunners.testFaqPage" name="clickAllFaqPageQuestionsExpand" time="1.772"/>
</testsuite> <!-- vbDumplingTestRunners.testFaqPage -->
