<?xml version="1.0" encoding="UTF-8"?>
<!-- Generated by org.testng.reporters.JUnitReportReporter -->
<testsuite hostname="RAHUL-LAPTOP" failures="0" tests="11" name="vbDumplingTestRunners.testHomePage" time="38.034" errors="0" timestamp="20 May 2021 14:00:53 GMT">
  <testcase classname="vbDumplingTestRunners.testHomePage" name="checkMenuMenuLink" time="2.331"/>
  <testcase classname="vbDumplingTestRunners.testHomePage" name="checkMenuHomeLink" time="1.383"/>
  <testcase classname="vbDumplingTestRunners.testHomePage" name="checkDescriptionText" time="0.084"/>
  <testcase classname="vbDumplingTestRunners.testHomePage" name="checkBodyOrderNowLink" time="4.004"/>
  <testcase classname="vbDumplingTestRunners.testHomePage" name="checkHomePageLink" time="2.086"/>
  <testcase classname="vbDumplingTestRunners.testHomePage" name="checkMenuAboutLink" time="1.970"/>
  <testcase classname="vbDumplingTestRunners.testHomePage" name="checkTitleText" time="0.102"/>
  <testcase classname="vbDumplingTestRunners.testHomePage" name="checkMenuFAQLink" time="1.610"/>
  <testcase classname="vbDumplingTestRunners.testHomePage" name="checkMenuOrderLink" time="20.114"/>
  <testcase classname="vbDumplingTestRunners.testHomePage" name="checkLHSHeaderText" time="2.153"/>
  <testcase classname="vbDumplingTestRunners.testHomePage" name="checkMenuTestimonialsLink" time="2.197"/>
</testsuite> <!-- vbDumplingTestRunners.testHomePage -->
