<?xml version="1.0" encoding="UTF-8"?>
<!-- Generated by org.testng.reporters.JUnitReportReporter -->
<testsuite hostname="RAHUL-LAPTOP" failures="0" tests="15" name="vbDumplingTestRunners.testMenuPage" time="3.412" errors="0" timestamp="18 May 2021 12:33:09 GMT">
  <testcase classname="vbDumplingTestRunners.testMenuPage" name="checkMenuCategoryOneText" time="0.103"/>
  <testcase classname="vbDumplingTestRunners.testMenuPage" name="checkMenuCategoryOneText" time="0.066"/>
  <testcase classname="vbDumplingTestRunners.testMenuPage" name="checkMenuCategoryOneText" time="0.067"/>
  <testcase classname="vbDumplingTestRunners.testMenuPage" name="checkMenuItemNames" time="0.362"/>
  <testcase classname="vbDumplingTestRunners.testMenuPage" name="checkMenuCategoryTwoText" time="0.072"/>
  <testcase classname="vbDumplingTestRunners.testMenuPage" name="checkMenuItemPrices" time="0.321"/>
  <testcase classname="vbDumplingTestRunners.testMenuPage" name="checkLHSHeaderText" time="0.121"/>
  <testcase classname="vbDumplingTestRunners.testMenuPage" name="checkMenuItemPrices" time="0.483"/>
  <testcase classname="vbDumplingTestRunners.testMenuPage" name="checkMenuCategoryTwoText" time="0.088"/>
  <testcase classname="vbDumplingTestRunners.testMenuPage" name="checkLHSHeaderText" time="0.077"/>
  <testcase classname="vbDumplingTestRunners.testMenuPage" name="checkMenuCategoryTwoText" time="0.173"/>
  <testcase classname="vbDumplingTestRunners.testMenuPage" name="checkLHSHeaderText" time="0.083"/>
  <testcase classname="vbDumplingTestRunners.testMenuPage" name="checkMenuItemNames" time="0.678"/>
  <testcase classname="vbDumplingTestRunners.testMenuPage" name="checkMenuItemPrices" time="0.380"/>
  <testcase classname="vbDumplingTestRunners.testMenuPage" name="checkMenuItemNames" time="0.338"/>
</testsuite> <!-- vbDumplingTestRunners.testMenuPage -->
