<?xml version="1.0" encoding="UTF-8"?>
<!-- Generated by org.testng.reporters.JUnitReportReporter -->
<testsuite hostname="RAHUL-LAPTOP" failures="0" tests="22" name="vbDumplingTestRunners.testHomePage" time="38.498" errors="0" timestamp="12 May 2021 10:23:26 GMT">
  <testcase classname="vbDumplingTestRunners.testHomePage" name="checkDescriptionText" time="0.019"/>
  <testcase classname="vbDumplingTestRunners.testHomePage" name="checkMenuOrderLink" time="4.870"/>
  <testcase classname="vbDumplingTestRunners.testHomePage" name="checkMenuAboutLink" time="1.571"/>
  <testcase classname="vbDumplingTestRunners.testHomePage" name="checkTitleText" time="0.061"/>
  <testcase classname="vbDumplingTestRunners.testHomePage" name="checkMenuOrderLink" time="5.962"/>
  <testcase classname="vbDumplingTestRunners.testHomePage" name="checkMenuHomeLink" time="0.907"/>
  <testcase classname="vbDumplingTestRunners.testHomePage" name="checkMenuHomeLink" time="0.538"/>
  <testcase classname="vbDumplingTestRunners.testHomePage" name="checkBodyOrderNowLink" time="1.135"/>
  <testcase classname="vbDumplingTestRunners.testHomePage" name="checkHomePageLink" time="0.717"/>
  <testcase classname="vbDumplingTestRunners.testHomePage" name="checkLHSHeaderText" time="0.579"/>
  <testcase classname="vbDumplingTestRunners.testHomePage" name="checkBodyOrderNowLink" time="5.618"/>
  <testcase classname="vbDumplingTestRunners.testHomePage" name="checkMenuFAQLink" time="1.539"/>
  <testcase classname="vbDumplingTestRunners.testHomePage" name="checkDescriptionText" time="0.037"/>
  <testcase classname="vbDumplingTestRunners.testHomePage" name="checkMenuAboutLink" time="2.191"/>
  <testcase classname="vbDumplingTestRunners.testHomePage" name="checkMenuTestimonialsLink" time="2.337"/>
  <testcase classname="vbDumplingTestRunners.testHomePage" name="checkMenuTestimonialsLink" time="1.598"/>
  <testcase classname="vbDumplingTestRunners.testHomePage" name="checkTitleText" time="0.036"/>
  <testcase classname="vbDumplingTestRunners.testHomePage" name="checkMenuMenuLink" time="2.262"/>
  <testcase classname="vbDumplingTestRunners.testHomePage" name="checkMenuFAQLink" time="1.207"/>
  <testcase classname="vbDumplingTestRunners.testHomePage" name="checkMenuMenuLink" time="1.441"/>
  <testcase classname="vbDumplingTestRunners.testHomePage" name="checkHomePageLink" time="2.376"/>
  <testcase classname="vbDumplingTestRunners.testHomePage" name="checkLHSHeaderText" time="1.497"/>
</testsuite> <!-- vbDumplingTestRunners.testHomePage -->
